[2023-11-19 17:15:08] local.ERROR: Method Illuminate\Routing\Route::whereNumeric does not exist. {"exception":"[object] (BadMethodCallException(code: 0): Method Illuminate\\Routing\\Route::whereNumeric does not exist. at /media/amoux/snipex/CodX/Ostad/module_8/request-response/vendor/laravel/framework/src/Illuminate/Macroable/Traits/Macroable.php:112)
[stacktrace]
#0 /media/amoux/snipex/CodX/Ostad/module_8/request-response/routes/web.php(21): Illuminate\\Routing\\Route->__call()
#1 /media/amoux/snipex/CodX/Ostad/module_8/request-response/vendor/laravel/framework/src/Illuminate/Routing/RouteFileRegistrar.php(35): require('...')
#2 /media/amoux/snipex/CodX/Ostad/module_8/request-response/vendor/laravel/framework/src/Illuminate/Routing/Router.php(504): Illuminate\\Routing\\RouteFileRegistrar->register()
#3 /media/amoux/snipex/CodX/Ostad/module_8/request-response/vendor/laravel/framework/src/Illuminate/Routing/Router.php(458): Illuminate\\Routing\\Router->loadRoutes()
#4 /media/amoux/snipex/CodX/Ostad/module_8/request-response/vendor/laravel/framework/src/Illuminate/Routing/RouteRegistrar.php(192): Illuminate\\Routing\\Router->group()
#5 /media/amoux/snipex/CodX/Ostad/module_8/request-response/app/Providers/RouteServiceProvider.php(37): Illuminate\\Routing\\RouteRegistrar->group()
#6 /media/amoux/snipex/CodX/Ostad/module_8/request-response/vendor/laravel/framework/src/Illuminate/Container/BoundMethod.php(36): App\\Providers\\RouteServiceProvider->App\\Providers\\{closure}()
#7 /media/amoux/snipex/CodX/Ostad/module_8/request-response/vendor/laravel/framework/src/Illuminate/Container/Util.php(41): Illuminate\\Container\\BoundMethod::Illuminate\\Container\\{closure}()
#8 /media/amoux/snipex/CodX/Ostad/module_8/request-response/vendor/laravel/framework/src/Illuminate/Container/BoundMethod.php(81): Illuminate\\Container\\Util::unwrapIfClosure()
#9 /media/amoux/snipex/CodX/Ostad/module_8/request-response/vendor/laravel/framework/src/Illuminate/Container/BoundMethod.php(35): Illuminate\\Container\\BoundMethod::callBoundMethod()
#10 /media/amoux/snipex/CodX/Ostad/module_8/request-response/vendor/laravel/framework/src/Illuminate/Container/Container.php(662): Illuminate\\Container\\BoundMethod::call()
#11 /media/amoux/snipex/CodX/Ostad/module_8/request-response/vendor/laravel/framework/src/Illuminate/Foundation/Support/Providers/RouteServiceProvider.php(120): Illuminate\\Container\\Container->call()
#12 /media/amoux/snipex/CodX/Ostad/module_8/request-response/vendor/laravel/framework/src/Illuminate/Foundation/Support/Providers/RouteServiceProvider.php(45): Illuminate\\Foundation\\Support\\Providers\\RouteServiceProvider->loadRoutes()
#13 /media/amoux/snipex/CodX/Ostad/module_8/request-response/vendor/laravel/framework/src/Illuminate/Container/BoundMethod.php(36): Illuminate\\Foundation\\Support\\Providers\\RouteServiceProvider->Illuminate\\Foundation\\Support\\Providers\\{closure}()
#14 /media/amoux/snipex/CodX/Ostad/module_8/request-response/vendor/laravel/framework/src/Illuminate/Container/Util.php(41): Illuminate\\Container\\BoundMethod::Illuminate\\Container\\{closure}()
#15 /media/amoux/snipex/CodX/Ostad/module_8/request-response/vendor/laravel/framework/src/Illuminate/Container/BoundMethod.php(81): Illuminate\\Container\\Util::unwrapIfClosure()
#16 /media/amoux/snipex/CodX/Ostad/module_8/request-response/vendor/laravel/framework/src/Illuminate/Container/BoundMethod.php(35): Illuminate\\Container\\BoundMethod::callBoundMethod()
#17 /media/amoux/snipex/CodX/Ostad/module_8/request-response/vendor/laravel/framework/src/Illuminate/Container/Container.php(662): Illuminate\\Container\\BoundMethod::call()
#18 /media/amoux/snipex/CodX/Ostad/module_8/request-response/vendor/laravel/framework/src/Illuminate/Support/ServiceProvider.php(119): Illuminate\\Container\\Container->call()
#19 /media/amoux/snipex/CodX/Ostad/module_8/request-response/vendor/laravel/framework/src/Illuminate/Foundation/Application.php(1031): Illuminate\\Support\\ServiceProvider->callBootedCallbacks()
#20 /media/amoux/snipex/CodX/Ostad/module_8/request-response/vendor/laravel/framework/src/Illuminate/Foundation/Application.php(1009): Illuminate\\Foundation\\Application->bootProvider()
#21 [internal function]: Illuminate\\Foundation\\Application->Illuminate\\Foundation\\{closure}()
#22 /media/amoux/snipex/CodX/Ostad/module_8/request-response/vendor/laravel/framework/src/Illuminate/Foundation/Application.php(1008): array_walk()
#23 /media/amoux/snipex/CodX/Ostad/module_8/request-response/vendor/laravel/framework/src/Illuminate/Foundation/Bootstrap/BootProviders.php(17): Illuminate\\Foundation\\Application->boot()
#24 /media/amoux/snipex/CodX/Ostad/module_8/request-response/vendor/laravel/framework/src/Illuminate/Foundation/Application.php(261): Illuminate\\Foundation\\Bootstrap\\BootProviders->bootstrap()
#25 /media/amoux/snipex/CodX/Ostad/module_8/request-response/vendor/laravel/framework/src/Illuminate/Foundation/Http/Kernel.php(186): Illuminate\\Foundation\\Application->bootstrapWith()
#26 /media/amoux/snipex/CodX/Ostad/module_8/request-response/vendor/laravel/framework/src/Illuminate/Foundation/Http/Kernel.php(170): Illuminate\\Foundation\\Http\\Kernel->bootstrap()
#27 /media/amoux/snipex/CodX/Ostad/module_8/request-response/vendor/laravel/framework/src/Illuminate/Foundation/Http/Kernel.php(144): Illuminate\\Foundation\\Http\\Kernel->sendRequestThroughRouter()
#28 /media/amoux/snipex/CodX/Ostad/module_8/request-response/public/index.php(51): Illuminate\\Foundation\\Http\\Kernel->handle()
#29 /media/amoux/snipex/CodX/Ostad/module_8/request-response/vendor/laravel/framework/src/Illuminate/Foundation/resources/server.php(16): require_once('...')
#30 {main}
"} 
[2023-11-19 17:18:36] local.ERROR: Method Illuminate\Routing\Route::whereAlphaNumber does not exist. {"exception":"[object] (BadMethodCallException(code: 0): Method Illuminate\\Routing\\Route::whereAlphaNumber does not exist. at /media/amoux/snipex/CodX/Ostad/module_8/request-response/vendor/laravel/framework/src/Illuminate/Macroable/Traits/Macroable.php:112)
[stacktrace]
#0 /media/amoux/snipex/CodX/Ostad/module_8/request-response/routes/web.php(22): Illuminate\\Routing\\Route->__call()
#1 /media/amoux/snipex/CodX/Ostad/module_8/request-response/vendor/laravel/framework/src/Illuminate/Routing/RouteFileRegistrar.php(35): require('...')
#2 /media/amoux/snipex/CodX/Ostad/module_8/request-response/vendor/laravel/framework/src/Illuminate/Routing/Router.php(504): Illuminate\\Routing\\RouteFileRegistrar->register()
#3 /media/amoux/snipex/CodX/Ostad/module_8/request-response/vendor/laravel/framework/src/Illuminate/Routing/Router.php(458): Illuminate\\Routing\\Router->loadRoutes()
#4 /media/amoux/snipex/CodX/Ostad/module_8/request-response/vendor/laravel/framework/src/Illuminate/Routing/RouteRegistrar.php(192): Illuminate\\Routing\\Router->group()
#5 /media/amoux/snipex/CodX/Ostad/module_8/request-response/app/Providers/RouteServiceProvider.php(37): Illuminate\\Routing\\RouteRegistrar->group()
#6 /media/amoux/snipex/CodX/Ostad/module_8/request-response/vendor/laravel/framework/src/Illuminate/Container/BoundMethod.php(36): App\\Providers\\RouteServiceProvider->App\\Providers\\{closure}()
#7 /media/amoux/snipex/CodX/Ostad/module_8/request-response/vendor/laravel/framework/src/Illuminate/Container/Util.php(41): Illuminate\\Container\\BoundMethod::Illuminate\\Container\\{closure}()
#8 /media/amoux/snipex/CodX/Ostad/module_8/request-response/vendor/laravel/framework/src/Illuminate/Container/BoundMethod.php(81): Illuminate\\Container\\Util::unwrapIfClosure()
#9 /media/amoux/snipex/CodX/Ostad/module_8/request-response/vendor/laravel/framework/src/Illuminate/Container/BoundMethod.php(35): Illuminate\\Container\\BoundMethod::callBoundMethod()
#10 /media/amoux/snipex/CodX/Ostad/module_8/request-response/vendor/laravel/framework/src/Illuminate/Container/Container.php(662): Illuminate\\Container\\BoundMethod::call()
#11 /media/amoux/snipex/CodX/Ostad/module_8/request-response/vendor/laravel/framework/src/Illuminate/Foundation/Support/Providers/RouteServiceProvider.php(120): Illuminate\\Container\\Container->call()
#12 /media/amoux/snipex/CodX/Ostad/module_8/request-response/vendor/laravel/framework/src/Illuminate/Foundation/Support/Providers/RouteServiceProvider.php(45): Illuminate\\Foundation\\Support\\Providers\\RouteServiceProvider->loadRoutes()
#13 /media/amoux/snipex/CodX/Ostad/module_8/request-response/vendor/laravel/framework/src/Illuminate/Container/BoundMethod.php(36): Illuminate\\Foundation\\Support\\Providers\\RouteServiceProvider->Illuminate\\Foundation\\Support\\Providers\\{closure}()
#14 /media/amoux/snipex/CodX/Ostad/module_8/request-response/vendor/laravel/framework/src/Illuminate/Container/Util.php(41): Illuminate\\Container\\BoundMethod::Illuminate\\Container\\{closure}()
#15 /media/amoux/snipex/CodX/Ostad/module_8/request-response/vendor/laravel/framework/src/Illuminate/Container/BoundMethod.php(81): Illuminate\\Container\\Util::unwrapIfClosure()
#16 /media/amoux/snipex/CodX/Ostad/module_8/request-response/vendor/laravel/framework/src/Illuminate/Container/BoundMethod.php(35): Illuminate\\Container\\BoundMethod::callBoundMethod()
#17 /media/amoux/snipex/CodX/Ostad/module_8/request-response/vendor/laravel/framework/src/Illuminate/Container/Container.php(662): Illuminate\\Container\\BoundMethod::call()
#18 /media/amoux/snipex/CodX/Ostad/module_8/request-response/vendor/laravel/framework/src/Illuminate/Support/ServiceProvider.php(119): Illuminate\\Container\\Container->call()
#19 /media/amoux/snipex/CodX/Ostad/module_8/request-response/vendor/laravel/framework/src/Illuminate/Foundation/Application.php(1031): Illuminate\\Support\\ServiceProvider->callBootedCallbacks()
#20 /media/amoux/snipex/CodX/Ostad/module_8/request-response/vendor/laravel/framework/src/Illuminate/Foundation/Application.php(1009): Illuminate\\Foundation\\Application->bootProvider()
#21 [internal function]: Illuminate\\Foundation\\Application->Illuminate\\Foundation\\{closure}()
#22 /media/amoux/snipex/CodX/Ostad/module_8/request-response/vendor/laravel/framework/src/Illuminate/Foundation/Application.php(1008): array_walk()
#23 /media/amoux/snipex/CodX/Ostad/module_8/request-response/vendor/laravel/framework/src/Illuminate/Foundation/Bootstrap/BootProviders.php(17): Illuminate\\Foundation\\Application->boot()
#24 /media/amoux/snipex/CodX/Ostad/module_8/request-response/vendor/laravel/framework/src/Illuminate/Foundation/Application.php(261): Illuminate\\Foundation\\Bootstrap\\BootProviders->bootstrap()
#25 /media/amoux/snipex/CodX/Ostad/module_8/request-response/vendor/laravel/framework/src/Illuminate/Foundation/Http/Kernel.php(186): Illuminate\\Foundation\\Application->bootstrapWith()
#26 /media/amoux/snipex/CodX/Ostad/module_8/request-response/vendor/laravel/framework/src/Illuminate/Foundation/Http/Kernel.php(170): Illuminate\\Foundation\\Http\\Kernel->bootstrap()
#27 /media/amoux/snipex/CodX/Ostad/module_8/request-response/vendor/laravel/framework/src/Illuminate/Foundation/Http/Kernel.php(144): Illuminate\\Foundation\\Http\\Kernel->sendRequestThroughRouter()
#28 /media/amoux/snipex/CodX/Ostad/module_8/request-response/public/index.php(51): Illuminate\\Foundation\\Http\\Kernel->handle()
#29 /media/amoux/snipex/CodX/Ostad/module_8/request-response/vendor/laravel/framework/src/Illuminate/Foundation/resources/server.php(16): require_once('...')
#30 {main}
"} 
